<?xml version="1.0" encoding="UTF-8"?>
<testng-results ignored="0" total="1" passed="1" failed="0" skipped="0">
  <reporter-output>
  </reporter-output>
  <suite started-at="2020-04-07T09:27:49Z" name="Default suite" finished-at="2020-04-07T09:29:08Z" duration-ms="78584">
    <groups>
    </groups>
    <test started-at="2020-04-07T09:27:49Z" name="Default test" finished-at="2020-04-07T09:29:08Z" duration-ms="78584">
      <class name="com.cts.downloadie.DownloadIeTest">
        <test-method is-config="true" signature="SetUp(java.lang.String)[pri:0, instance:com.cts.downloadie.DownloadIeTest@434a63ab]" started-at="2020-04-07T09:27:49Z" name="SetUp" finished-at="2020-04-07T09:28:42Z" duration-ms="53395" status="PASS">
          <params>
            <param index="0">
              <value>
                <![CDATA[ch]]>
              </value>
            </param>
          </params>
          <reporter-output>
          </reporter-output>
        </test-method> <!-- SetUp -->
        <test-method signature="downloadIeDriver()[pri:0, instance:com.cts.downloadie.DownloadIeTest@434a63ab]" started-at="2020-04-07T09:28:42Z" name="downloadIeDriver" finished-at="2020-04-07T09:28:57Z" duration-ms="14488" status="PASS">
          <reporter-output>
          </reporter-output>
        </test-method> <!-- downloadIeDriver -->
        <test-method is-config="true" signature="tearDown()[pri:0, instance:com.cts.downloadie.DownloadIeTest@434a63ab]" started-at="2020-04-07T09:28:57Z" name="tearDown" finished-at="2020-04-07T09:29:08Z" duration-ms="10681" status="PASS">
          <reporter-output>
          </reporter-output>
        </test-method> <!-- tearDown -->
      </class> <!-- com.cts.downloadie.DownloadIeTest -->
    </test> <!-- Default test -->
  </suite> <!-- Default suite -->
</testng-results>
